#! c:/iverilog-x86/bin/vvp
:ivl_version "10.0 (stable)" "(v10_0)";
:ivl_delay_selection "TYPICAL";
:vpi_time_precision - 12;
:vpi_module "system";
:vpi_module "vhdl_sys";
:vpi_module "v2005_math";
:vpi_module "va_math";
S_02941140 .scope module, "TwoxOneMUX" "TwoxOneMUX" 2 23;
 .timescale 0 0;
    .port_info 0 /OUTPUT 1 "res"
    .port_info 1 /INPUT 1 "D0"
    .port_info 2 /INPUT 1 "D1"
    .port_info 3 /INPUT 1 "S"
o029422fc .functor BUFZ 1, C4<z>; HiZ drive
L_0297c148 .functor AND 1, o029422fc, L_0297bf08, C4<1>, C4<1>;
o0294232c .functor BUFZ 1, C4<z>; HiZ drive
L_0297bf08 .functor NOT 1, o0294232c, C4<0>, C4<0>, C4<0>;
o02942314 .functor BUFZ 1, C4<z>; HiZ drive
L_0297c0b8 .functor AND 1, o02942314, o0294232c, C4<1>, C4<1>;
L_0297bc80 .functor OR 1, L_0297c148, L_0297c0b8, C4<0>, C4<0>;
v0293ecf8_0 .net "D0", 0 0, o029422fc;  0 drivers
v0293eb98_0 .net "D1", 0 0, o02942314;  0 drivers
v0293e828_0 .net "S", 0 0, o0294232c;  0 drivers
v0293ef08_0 .net *"_s1", 0 0, L_0297bf08;  1 drivers
v0293eca0_0 .net "res", 0 0, L_0297bc80;  1 drivers
v0293e8d8_0 .net "res1", 0 0, L_0297c148;  1 drivers
v0293ea90_0 .net "res2", 0 0, L_0297c0b8;  1 drivers
S_02941210 .scope module, "testbench" "testbench" 2 72;
 .timescale -9 -12;
v0297af58_0 .var "A", 2 0;
v0297a928_0 .var "B", 2 0;
v0297aa30_0 .net "G", 2 0, L_029a62b8;  1 drivers
v0297afb0_0 .var "S0", 0 0;
v0297b060_0 .var "S1", 0 0;
v0297aa88_0 .net "carry", 0 0, L_029a8640;  1 drivers
v0297ac98_0 .var "clk", 0 0;
S_02936070 .scope module, "dut" "mainCircuit" 2 84, 2 43 0, S_02941210;
 .timescale 0 0;
    .port_info 0 /OUTPUT 3 "G"
    .port_info 1 /OUTPUT 1 "carry"
    .port_info 2 /INPUT 3 "A"
    .port_info 3 /INPUT 3 "B"
    .port_info 4 /INPUT 1 "S0"
    .port_info 5 /INPUT 1 "S1"
L_0297bf50 .functor XOR 1, v0297b060_0, L_0297c2f8, C4<0>, C4<0>;
L_0297c4a8 .functor XOR 1, v0297b060_0, L_0297c460, C4<0>, C4<0>;
L_0297cad8 .functor XOR 1, v0297b060_0, L_0297cb68, C4<0>, C4<0>;
v0297a8d0_0 .net/s "A", 2 0, v0297af58_0;  1 drivers
v0297adf8_0 .net/s "B", 2 0, v0297a928_0;  1 drivers
v0297b168_0 .net/s "G", 2 0, L_029a62b8;  alias, 1 drivers
v0297b110_0 .net "S0", 0 0, v0297afb0_0;  1 drivers
v0297b2c8_0 .net "S1", 0 0, v0297b060_0;  1 drivers
v0297b0b8_0 .net "c1", 0 0, L_029a8760;  1 drivers
v0297b1c0_0 .net "c2", 0 0, L_029a89e8;  1 drivers
v0297a980_0 .net "carry", 0 0, L_029a8640;  alias, 1 drivers
v0297abe8_0 .net "mux1Output", 0 0, L_0297c2f8;  1 drivers
v0297ab90_0 .net "mux2Output", 0 0, L_0297c460;  1 drivers
v0297b320_0 .net "mux3Output", 0 0, L_0297cb68;  1 drivers
v0297af00_0 .net "mux4Output", 0 0, L_0297cb20;  1 drivers
v0297ab38_0 .net "mux5Output", 0 0, L_0297cbb0;  1 drivers
v0297aae0_0 .net "mux6Output", 0 0, L_029a8838;  1 drivers
v0297ac40_0 .net "xor1Output", 0 0, L_0297bf50;  1 drivers
v0297a878_0 .net "xor2Output", 0 0, L_0297c4a8;  1 drivers
v0297b008_0 .net "xor3Output", 0 0, L_0297cad8;  1 drivers
L_0297b5e0 .part v0297af58_0, 0, 1;
L_0297b6e8 .part v0297af58_0, 0, 1;
L_0297b428 .part v0297af58_0, 0, 1;
L_0297b638 .part v0297a928_0, 0, 1;
L_0297b3d0 .part v0297af58_0, 1, 1;
L_0297b740 .part v0297af58_0, 1, 1;
L_0297b588 .part v0297af58_0, 1, 1;
L_0297b690 .part v0297a928_0, 1, 1;
L_0297b798 .part v0297af58_0, 2, 1;
L_0297b480 .part v0297af58_0, 2, 1;
L_0297b7f0 .part v0297af58_0, 2, 1;
L_0297b4d8 .part v0297a928_0, 2, 1;
L_0297b530 .part v0297a928_0, 0, 1;
L_0297b378 .part v0297a928_0, 0, 1;
L_029a6260 .part v0297a928_0, 1, 1;
L_029a6470 .part v0297a928_0, 1, 1;
L_029a61b0 .part v0297a928_0, 2, 1;
L_029a5de8 .part v0297a928_0, 2, 1;
L_029a62b8 .concat8 [ 1 1 1 0], L_029a8568, L_029a8958, L_029a84d8;
S_02936190 .scope module, "f1" "full_adder" 2 65, 2 12 0, S_02936070;
 .timescale 0 0;
    .port_info 0 /OUTPUT 1 "sum"
    .port_info 1 /OUTPUT 1 "carry"
    .port_info 2 /INPUT 1 "x"
    .port_info 3 /INPUT 1 "y"
    .port_info 4 /INPUT 1 "z"
L_029a8760 .functor OR 1, L_029a8a30, L_029a89a0, C4<0>, C4<0>;
v0293e460_0 .net "c1", 0 0, L_029a8a30;  1 drivers
v0293eda8_0 .net "c2", 0 0, L_029a89a0;  1 drivers
v0293ee58_0 .net "carry", 0 0, L_029a8760;  alias, 1 drivers
v0293ee00_0 .net "s1", 0 0, L_029a8a78;  1 drivers
v0293e618_0 .net "sum", 0 0, L_029a8568;  1 drivers
v0293e510_0 .net "x", 0 0, L_0297bf50;  alias, 1 drivers
v0293e568_0 .net "y", 0 0, L_0297cb20;  alias, 1 drivers
v0293e5c0_0 .net "z", 0 0, v0297b060_0;  alias, 1 drivers
S_012ec468 .scope module, "h1" "half_adder" 2 16, 2 4 0, S_02936190;
 .timescale 0 0;
    .port_info 0 /OUTPUT 1 "sum"
    .port_info 1 /OUTPUT 1 "carry"
    .port_info 2 /INPUT 1 "a"
    .port_info 3 /INPUT 1 "b"
L_029a8a78 .functor XOR 1, L_0297bf50, L_0297cb20, C4<0>, C4<0>;
L_029a8a30 .functor AND 1, L_0297bf50, L_0297cb20, C4<1>, C4<1>;
v0293ea38_0 .net "a", 0 0, L_0297bf50;  alias, 1 drivers
v0293e930_0 .net "b", 0 0, L_0297cb20;  alias, 1 drivers
v0293ed50_0 .net "carry", 0 0, L_029a8a30;  alias, 1 drivers
v0293eeb0_0 .net "sum", 0 0, L_029a8a78;  alias, 1 drivers
S_012ec538 .scope module, "h2" "half_adder" 2 18, 2 4 0, S_02936190;
 .timescale 0 0;
    .port_info 0 /OUTPUT 1 "sum"
    .port_info 1 /OUTPUT 1 "carry"
    .port_info 2 /INPUT 1 "a"
    .port_info 3 /INPUT 1 "b"
L_029a8568 .functor XOR 1, L_029a8a78, v0297b060_0, C4<0>, C4<0>;
L_029a89a0 .functor AND 1, L_029a8a78, v0297b060_0, C4<1>, C4<1>;
v0293e880_0 .net "a", 0 0, L_029a8a78;  alias, 1 drivers
v0293e720_0 .net "b", 0 0, v0297b060_0;  alias, 1 drivers
v0293e988_0 .net "carry", 0 0, L_029a89a0;  alias, 1 drivers
v0293e4b8_0 .net "sum", 0 0, L_029a8568;  alias, 1 drivers
S_02932fb8 .scope module, "f2" "full_adder" 2 66, 2 12 0, S_02936070;
 .timescale 0 0;
    .port_info 0 /OUTPUT 1 "sum"
    .port_info 1 /OUTPUT 1 "carry"
    .port_info 2 /INPUT 1 "x"
    .port_info 3 /INPUT 1 "y"
    .port_info 4 /INPUT 1 "z"
L_029a89e8 .functor OR 1, L_029a8490, L_029a8718, C4<0>, C4<0>;
v0293f068_0 .net "c1", 0 0, L_029a8490;  1 drivers
v0293f220_0 .net "c2", 0 0, L_029a8718;  1 drivers
v0293efb8_0 .net "carry", 0 0, L_029a89e8;  alias, 1 drivers
v0293f0c0_0 .net "s1", 0 0, L_029a8880;  1 drivers
v0293f118_0 .net "sum", 0 0, L_029a8958;  1 drivers
v0293f278_0 .net "x", 0 0, L_0297c4a8;  alias, 1 drivers
v0293f1c8_0 .net "y", 0 0, L_0297cbb0;  alias, 1 drivers
v0293f170_0 .net "z", 0 0, L_029a8760;  alias, 1 drivers
S_02933088 .scope module, "h1" "half_adder" 2 16, 2 4 0, S_02932fb8;
 .timescale 0 0;
    .port_info 0 /OUTPUT 1 "sum"
    .port_info 1 /OUTPUT 1 "carry"
    .port_info 2 /INPUT 1 "a"
    .port_info 3 /INPUT 1 "b"
L_029a8880 .functor XOR 1, L_0297c4a8, L_0297cbb0, C4<0>, C4<0>;
L_029a8490 .functor AND 1, L_0297c4a8, L_0297cbb0, C4<1>, C4<1>;
v0293e778_0 .net "a", 0 0, L_0297c4a8;  alias, 1 drivers
v0293e670_0 .net "b", 0 0, L_0297cbb0;  alias, 1 drivers
v0293e6c8_0 .net "carry", 0 0, L_029a8490;  alias, 1 drivers
v0293eae8_0 .net "sum", 0 0, L_029a8880;  alias, 1 drivers
S_012e3ac8 .scope module, "h2" "half_adder" 2 18, 2 4 0, S_02932fb8;
 .timescale 0 0;
    .port_info 0 /OUTPUT 1 "sum"
    .port_info 1 /OUTPUT 1 "carry"
    .port_info 2 /INPUT 1 "a"
    .port_info 3 /INPUT 1 "b"
L_029a8958 .functor XOR 1, L_029a8880, L_029a8760, C4<0>, C4<0>;
L_029a8718 .functor AND 1, L_029a8880, L_029a8760, C4<1>, C4<1>;
v0293ebf0_0 .net "a", 0 0, L_029a8880;  alias, 1 drivers
v0293eb40_0 .net "b", 0 0, L_029a8760;  alias, 1 drivers
v0293ec48_0 .net "carry", 0 0, L_029a8718;  alias, 1 drivers
v0293e7d0_0 .net "sum", 0 0, L_029a8958;  alias, 1 drivers
S_012e3b98 .scope module, "f3" "full_adder" 2 67, 2 12 0, S_02936070;
 .timescale 0 0;
    .port_info 0 /OUTPUT 1 "sum"
    .port_info 1 /OUTPUT 1 "carry"
    .port_info 2 /INPUT 1 "x"
    .port_info 3 /INPUT 1 "y"
    .port_info 4 /INPUT 1 "z"
L_029a8640 .functor OR 1, L_029a8b08, L_029a85f8, C4<0>, C4<0>;
v029773c8_0 .net "c1", 0 0, L_029a8b08;  1 drivers
v029777e8_0 .net "c2", 0 0, L_029a85f8;  1 drivers
v02977318_0 .net "carry", 0 0, L_029a8640;  alias, 1 drivers
v02977370_0 .net "s1", 0 0, L_029a8ac0;  1 drivers
v029776e0_0 .net "sum", 0 0, L_029a84d8;  1 drivers
v02977840_0 .net "x", 0 0, L_0297cad8;  alias, 1 drivers
v02977948_0 .net "y", 0 0, L_029a8838;  alias, 1 drivers
v029779a0_0 .net "z", 0 0, L_029a89e8;  alias, 1 drivers
S_012e5820 .scope module, "h1" "half_adder" 2 16, 2 4 0, S_012e3b98;
 .timescale 0 0;
    .port_info 0 /OUTPUT 1 "sum"
    .port_info 1 /OUTPUT 1 "carry"
    .port_info 2 /INPUT 1 "a"
    .port_info 3 /INPUT 1 "b"
L_029a8ac0 .functor XOR 1, L_0297cad8, L_029a8838, C4<0>, C4<0>;
L_029a8b08 .functor AND 1, L_0297cad8, L_029a8838, C4<1>, C4<1>;
v0293f010_0 .net "a", 0 0, L_0297cad8;  alias, 1 drivers
v0293f2d0_0 .net "b", 0 0, L_029a8838;  alias, 1 drivers
v0293f380_0 .net "carry", 0 0, L_029a8b08;  alias, 1 drivers
v0293f328_0 .net "sum", 0 0, L_029a8ac0;  alias, 1 drivers
S_012e58f0 .scope module, "h2" "half_adder" 2 18, 2 4 0, S_012e3b98;
 .timescale 0 0;
    .port_info 0 /OUTPUT 1 "sum"
    .port_info 1 /OUTPUT 1 "carry"
    .port_info 2 /INPUT 1 "a"
    .port_info 3 /INPUT 1 "b"
L_029a84d8 .functor XOR 1, L_029a8ac0, L_029a89e8, C4<0>, C4<0>;
L_029a85f8 .functor AND 1, L_029a8ac0, L_029a89e8, C4<1>, C4<1>;
v0293f3d8_0 .net "a", 0 0, L_029a8ac0;  alias, 1 drivers
v0293ef60_0 .net "b", 0 0, L_029a89e8;  alias, 1 drivers
v02977580_0 .net "carry", 0 0, L_029a85f8;  alias, 1 drivers
v02977108_0 .net "sum", 0 0, L_029a84d8;  alias, 1 drivers
S_02931ee0 .scope module, "mux1" "FourxOneMUX" 2 52, 2 31 0, S_02936070;
 .timescale 0 0;
    .port_info 0 /OUTPUT 1 "res"
    .port_info 1 /INPUT 1 "D0"
    .port_info 2 /INPUT 1 "D1"
    .port_info 3 /INPUT 1 "D2"
    .port_info 4 /INPUT 1 "D3"
    .port_info 5 /INPUT 1 "S0"
    .port_info 6 /INPUT 1 "S1"
L_0297c220 .functor AND 1, L_0297b5e0, L_0297bcc8, L_0297be78, C4<1>;
L_0297bcc8 .functor NOT 1, v0297afb0_0, C4<0>, C4<0>, C4<0>;
L_0297be78 .functor NOT 1, v0297b060_0, C4<0>, C4<0>, C4<0>;
L_0297c2b0 .functor AND 1, L_0297b6e8, v0297afb0_0, L_0297be30, C4<1>;
L_0297be30 .functor NOT 1, v0297b060_0, C4<0>, C4<0>, C4<0>;
L_0297bde8 .functor AND 1, L_0297b428, L_0297bec0, v0297b060_0, C4<1>;
L_0297bec0 .functor NOT 1, v0297afb0_0, C4<0>, C4<0>, C4<0>;
L_0297c1d8 .functor AND 1, L_0297b638, v0297afb0_0, v0297b060_0, C4<1>;
L_0297c2f8 .functor OR 1, L_0297c220, L_0297c2b0, L_0297bde8, L_0297c1d8;
v029779f8_0 .net "D0", 0 0, L_0297b5e0;  1 drivers
v02977898_0 .net "D1", 0 0, L_0297b6e8;  1 drivers
v02977420_0 .net "D2", 0 0, L_0297b428;  1 drivers
v02977a50_0 .net "D3", 0 0, L_0297b638;  1 drivers
v02977478_0 .net "S0", 0 0, v0297afb0_0;  alias, 1 drivers
v02977160_0 .net "S1", 0 0, v0297b060_0;  alias, 1 drivers
v02977630_0 .net *"_s1", 0 0, L_0297bcc8;  1 drivers
v02977688_0 .net *"_s3", 0 0, L_0297be78;  1 drivers
v02977738_0 .net *"_s6", 0 0, L_0297be30;  1 drivers
v02977aa8_0 .net *"_s9", 0 0, L_0297bec0;  1 drivers
v02977790_0 .net "res", 0 0, L_0297c2f8;  alias, 1 drivers
v02977058_0 .net "res1", 0 0, L_0297c220;  1 drivers
v029774d0_0 .net "res2", 0 0, L_0297c2b0;  1 drivers
v029778f0_0 .net "res3", 0 0, L_0297bde8;  1 drivers
v02977b00_0 .net "res4", 0 0, L_0297c1d8;  1 drivers
S_02931fb0 .scope module, "mux2" "FourxOneMUX" 2 55, 2 31 0, S_02936070;
 .timescale 0 0;
    .port_info 0 /OUTPUT 1 "res"
    .port_info 1 /INPUT 1 "D0"
    .port_info 2 /INPUT 1 "D1"
    .port_info 3 /INPUT 1 "D2"
    .port_info 4 /INPUT 1 "D3"
    .port_info 5 /INPUT 1 "S0"
    .port_info 6 /INPUT 1 "S1"
L_0297bf98 .functor AND 1, L_0297b3d0, L_0297c100, L_0297c268, C4<1>;
L_0297c100 .functor NOT 1, v0297afb0_0, C4<0>, C4<0>, C4<0>;
L_0297c268 .functor NOT 1, v0297b060_0, C4<0>, C4<0>, C4<0>;
L_0297bfe0 .functor AND 1, L_0297b740, v0297afb0_0, L_0297c340, C4<1>;
L_0297c340 .functor NOT 1, v0297b060_0, C4<0>, C4<0>, C4<0>;
L_0297c190 .functor AND 1, L_0297b588, L_0297c3d0, v0297b060_0, C4<1>;
L_0297c3d0 .functor NOT 1, v0297afb0_0, C4<0>, C4<0>, C4<0>;
L_0297c418 .functor AND 1, L_0297b690, v0297afb0_0, v0297b060_0, C4<1>;
L_0297c460 .functor OR 1, L_0297bf98, L_0297bfe0, L_0297c190, L_0297c418;
v029770b0_0 .net "D0", 0 0, L_0297b3d0;  1 drivers
v029771b8_0 .net "D1", 0 0, L_0297b740;  1 drivers
v02977210_0 .net "D2", 0 0, L_0297b588;  1 drivers
v02977268_0 .net "D3", 0 0, L_0297b690;  1 drivers
v029772c0_0 .net "S0", 0 0, v0297afb0_0;  alias, 1 drivers
v02977528_0 .net "S1", 0 0, v0297b060_0;  alias, 1 drivers
v029775d8_0 .net *"_s1", 0 0, L_0297c100;  1 drivers
v02977ec8_0 .net *"_s3", 0 0, L_0297c268;  1 drivers
v02977dc0_0 .net *"_s6", 0 0, L_0297c340;  1 drivers
v02977f78_0 .net *"_s9", 0 0, L_0297c3d0;  1 drivers
v02977e70_0 .net "res", 0 0, L_0297c460;  alias, 1 drivers
v02977fd0_0 .net "res1", 0 0, L_0297bf98;  1 drivers
v02977cb8_0 .net "res2", 0 0, L_0297bfe0;  1 drivers
v02977c08_0 .net "res3", 0 0, L_0297c190;  1 drivers
v02977b58_0 .net "res4", 0 0, L_0297c418;  1 drivers
S_02932080 .scope module, "mux3" "FourxOneMUX" 2 58, 2 31 0, S_02936070;
 .timescale 0 0;
    .port_info 0 /OUTPUT 1 "res"
    .port_info 1 /INPUT 1 "D0"
    .port_info 2 /INPUT 1 "D1"
    .port_info 3 /INPUT 1 "D2"
    .port_info 4 /INPUT 1 "D3"
    .port_info 5 /INPUT 1 "S0"
    .port_info 6 /INPUT 1 "S1"
L_0297c4f0 .functor AND 1, L_0297b798, L_0297c538, L_0297bd10, C4<1>;
L_0297c538 .functor NOT 1, v0297afb0_0, C4<0>, C4<0>, C4<0>;
L_0297bd10 .functor NOT 1, v0297b060_0, C4<0>, C4<0>, C4<0>;
L_0297bd58 .functor AND 1, L_0297b480, v0297afb0_0, L_0297bda0, C4<1>;
L_0297bda0 .functor NOT 1, v0297b060_0, C4<0>, C4<0>, C4<0>;
L_0297c028 .functor AND 1, L_0297b7f0, L_0297c070, v0297b060_0, C4<1>;
L_0297c070 .functor NOT 1, v0297afb0_0, C4<0>, C4<0>, C4<0>;
L_0297c730 .functor AND 1, L_0297b4d8, v0297afb0_0, v0297b060_0, C4<1>;
L_0297cb68 .functor OR 1, L_0297c4f0, L_0297bd58, L_0297c028, L_0297c730;
v02977d10_0 .net "D0", 0 0, L_0297b798;  1 drivers
v02977e18_0 .net "D1", 0 0, L_0297b480;  1 drivers
v02977c60_0 .net "D2", 0 0, L_0297b7f0;  1 drivers
v02977d68_0 .net "D3", 0 0, L_0297b4d8;  1 drivers
v02977f20_0 .net "S0", 0 0, v0297afb0_0;  alias, 1 drivers
v02977bb0_0 .net "S1", 0 0, v0297b060_0;  alias, 1 drivers
v02978e98_0 .net *"_s1", 0 0, L_0297c538;  1 drivers
v029791b0_0 .net *"_s3", 0 0, L_0297bd10;  1 drivers
v02978a78_0 .net *"_s6", 0 0, L_0297bda0;  1 drivers
v02978c30_0 .net *"_s9", 0 0, L_0297c070;  1 drivers
v02978f48_0 .net "res", 0 0, L_0297cb68;  alias, 1 drivers
v02979050_0 .net "res1", 0 0, L_0297c4f0;  1 drivers
v02978b28_0 .net "res2", 0 0, L_0297bd58;  1 drivers
v02978de8_0 .net "res3", 0 0, L_0297c028;  1 drivers
v02978b80_0 .net "res4", 0 0, L_0297c730;  1 drivers
S_02940440 .scope module, "mux4" "FourxOneMUX" 2 61, 2 31 0, S_02936070;
 .timescale 0 0;
    .port_info 0 /OUTPUT 1 "res"
    .port_info 1 /INPUT 1 "D0"
    .port_info 2 /INPUT 1 "D1"
    .port_info 3 /INPUT 1 "D2"
    .port_info 4 /INPUT 1 "D3"
    .port_info 5 /INPUT 1 "S0"
    .port_info 6 /INPUT 1 "S1"
L_0297d840 .functor BUFT 1, C4<1>, C4<0>, C4<0>, C4<0>;
L_0297c8e0 .functor AND 1, L_0297d840, L_0297c6a0, L_0297c778, C4<1>;
L_0297c6a0 .functor NOT 1, v0297afb0_0, C4<0>, C4<0>, C4<0>;
L_0297c778 .functor NOT 1, v0297b060_0, C4<0>, C4<0>, C4<0>;
L_0297c928 .functor AND 1, L_0297b530, v0297afb0_0, L_0297c7c0, C4<1>;
L_0297c7c0 .functor NOT 1, v0297b060_0, C4<0>, C4<0>, C4<0>;
L_0297c808 .functor AND 1, L_0297b378, L_0297ca90, v0297b060_0, C4<1>;
L_0297ca90 .functor NOT 1, v0297afb0_0, C4<0>, C4<0>, C4<0>;
L_0297d868 .functor BUFT 1, C4<1>, C4<0>, C4<0>, C4<0>;
L_0297c850 .functor AND 1, L_0297d868, v0297afb0_0, v0297b060_0, C4<1>;
L_0297cb20 .functor OR 1, L_0297c8e0, L_0297c928, L_0297c808, L_0297c850;
v02978970_0 .net "D0", 0 0, L_0297d840;  1 drivers
v02978d90_0 .net "D1", 0 0, L_0297b530;  1 drivers
v02978a20_0 .net "D2", 0 0, L_0297b378;  1 drivers
v02978ef0_0 .net "D3", 0 0, L_0297d868;  1 drivers
v02978bd8_0 .net "S0", 0 0, v0297afb0_0;  alias, 1 drivers
v02978c88_0 .net "S1", 0 0, v0297b060_0;  alias, 1 drivers
v02978ce0_0 .net *"_s1", 0 0, L_0297c6a0;  1 drivers
v029792b8_0 .net *"_s3", 0 0, L_0297c778;  1 drivers
v02978ad0_0 .net *"_s6", 0 0, L_0297c7c0;  1 drivers
v02978d38_0 .net *"_s9", 0 0, L_0297ca90;  1 drivers
v02979100_0 .net "res", 0 0, L_0297cb20;  alias, 1 drivers
v02979310_0 .net "res1", 0 0, L_0297c8e0;  1 drivers
v02978e40_0 .net "res2", 0 0, L_0297c928;  1 drivers
v02978fa0_0 .net "res3", 0 0, L_0297c808;  1 drivers
v02978ff8_0 .net "res4", 0 0, L_0297c850;  1 drivers
S_02940510 .scope module, "mux5" "FourxOneMUX" 2 62, 2 31 0, S_02936070;
 .timescale 0 0;
    .port_info 0 /OUTPUT 1 "res"
    .port_info 1 /INPUT 1 "D0"
    .port_info 2 /INPUT 1 "D1"
    .port_info 3 /INPUT 1 "D2"
    .port_info 4 /INPUT 1 "D3"
    .port_info 5 /INPUT 1 "S0"
    .port_info 6 /INPUT 1 "S1"
L_0297d890 .functor BUFT 1, C4<0>, C4<0>, C4<0>, C4<0>;
L_0297c580 .functor AND 1, L_0297d890, L_0297c970, L_0297c898, C4<1>;
L_0297c970 .functor NOT 1, v0297afb0_0, C4<0>, C4<0>, C4<0>;
L_0297c898 .functor NOT 1, v0297b060_0, C4<0>, C4<0>, C4<0>;
L_0297ca00 .functor AND 1, L_029a6260, v0297afb0_0, L_0297c5c8, C4<1>;
L_0297c5c8 .functor NOT 1, v0297b060_0, C4<0>, C4<0>, C4<0>;
L_0297ca48 .functor AND 1, L_029a6470, L_0297cbf8, v0297b060_0, C4<1>;
L_0297cbf8 .functor NOT 1, v0297afb0_0, C4<0>, C4<0>, C4<0>;
L_0297d8b8 .functor BUFT 1, C4<0>, C4<0>, C4<0>, C4<0>;
L_0297c9b8 .functor AND 1, L_0297d8b8, v0297afb0_0, v0297b060_0, C4<1>;
L_0297cbb0 .functor OR 1, L_0297c580, L_0297ca00, L_0297ca48, L_0297c9b8;
v02978868_0 .net "D0", 0 0, L_0297d890;  1 drivers
v029790a8_0 .net "D1", 0 0, L_029a6260;  1 drivers
v02979158_0 .net "D2", 0 0, L_029a6470;  1 drivers
v02979208_0 .net "D3", 0 0, L_0297d8b8;  1 drivers
v02979260_0 .net "S0", 0 0, v0297afb0_0;  alias, 1 drivers
v029788c0_0 .net "S1", 0 0, v0297b060_0;  alias, 1 drivers
v02978918_0 .net *"_s1", 0 0, L_0297c970;  1 drivers
v029789c8_0 .net *"_s3", 0 0, L_0297c898;  1 drivers
v02979418_0 .net *"_s6", 0 0, L_0297c5c8;  1 drivers
v02979628_0 .net *"_s9", 0 0, L_0297cbf8;  1 drivers
v02979470_0 .net "res", 0 0, L_0297cbb0;  alias, 1 drivers
v02979680_0 .net "res1", 0 0, L_0297c580;  1 drivers
v029797e0_0 .net "res2", 0 0, L_0297ca00;  1 drivers
v029796d8_0 .net "res3", 0 0, L_0297ca48;  1 drivers
v02979730_0 .net "res4", 0 0, L_0297c9b8;  1 drivers
S_0297a638 .scope module, "mux6" "FourxOneMUX" 2 63, 2 31 0, S_02936070;
 .timescale 0 0;
    .port_info 0 /OUTPUT 1 "res"
    .port_info 1 /INPUT 1 "D0"
    .port_info 2 /INPUT 1 "D1"
    .port_info 3 /INPUT 1 "D2"
    .port_info 4 /INPUT 1 "D3"
    .port_info 5 /INPUT 1 "S0"
    .port_info 6 /INPUT 1 "S1"
L_0297d8e0 .functor BUFT 1, C4<0>, C4<0>, C4<0>, C4<0>;
L_0297c610 .functor AND 1, L_0297d8e0, L_0297c658, L_0297c6e8, C4<1>;
L_0297c658 .functor NOT 1, v0297afb0_0, C4<0>, C4<0>, C4<0>;
L_0297c6e8 .functor NOT 1, v0297b060_0, C4<0>, C4<0>, C4<0>;
L_029a8520 .functor AND 1, L_029a61b0, v0297afb0_0, L_029a85b0, C4<1>;
L_029a85b0 .functor NOT 1, v0297b060_0, C4<0>, C4<0>, C4<0>;
L_029a86d0 .functor AND 1, L_029a5de8, L_029a8910, v0297b060_0, C4<1>;
L_029a8910 .functor NOT 1, v0297afb0_0, C4<0>, C4<0>, C4<0>;
L_0297d908 .functor BUFT 1, C4<0>, C4<0>, C4<0>, C4<0>;
L_029a88c8 .functor AND 1, L_0297d908, v0297afb0_0, v0297b060_0, C4<1>;
L_029a8838 .functor OR 1, L_0297c610, L_029a8520, L_029a86d0, L_029a88c8;
v029794c8_0 .net "D0", 0 0, L_0297d8e0;  1 drivers
v02979788_0 .net "D1", 0 0, L_029a61b0;  1 drivers
v02979368_0 .net "D2", 0 0, L_029a5de8;  1 drivers
v02979520_0 .net "D3", 0 0, L_0297d908;  1 drivers
v029793c0_0 .net "S0", 0 0, v0297afb0_0;  alias, 1 drivers
v02979578_0 .net "S1", 0 0, v0297b060_0;  alias, 1 drivers
v029795d0_0 .net *"_s1", 0 0, L_0297c658;  1 drivers
v0297a9d8_0 .net *"_s3", 0 0, L_0297c6e8;  1 drivers
v0297ad48_0 .net *"_s6", 0 0, L_029a85b0;  1 drivers
v0297ae50_0 .net *"_s9", 0 0, L_029a8910;  1 drivers
v0297ada0_0 .net "res", 0 0, L_029a8838;  alias, 1 drivers
v0297acf0_0 .net "res1", 0 0, L_0297c610;  1 drivers
v0297aea8_0 .net "res2", 0 0, L_029a8520;  1 drivers
v0297b270_0 .net "res3", 0 0, L_029a86d0;  1 drivers
v0297b218_0 .net "res4", 0 0, L_029a88c8;  1 drivers
    .scope S_02941210;
T_0 ;
    %pushi/vec4 0, 0, 1;
    %store/vec4 v0297ac98_0, 0, 1;
    %end;
    .thread T_0;
    .scope S_02941210;
T_1 ;
    %delay 5000, 0;
    %load/vec4 v0297ac98_0;
    %inv;
    %store/vec4 v0297ac98_0, 0, 1;
    %jmp T_1;
    .thread T_1;
    .scope S_02941210;
T_2 ;
    %vpi_call 2 99 "$display", "Testing mainCircuit module" {0 0 0};
    %vpi_call 2 100 "$display", "-------------------------" {0 0 0};
    %pushi/vec4 40, 0, 32;
T_2.0 %dup/vec4;
    %pushi/vec4 0, 0, 32;
    %cmp/s;
    %jmp/1xz T_2.1, 5;
    %jmp/1 T_2.1, 4;
    %pushi/vec4 1, 0, 32;
    %sub;
    %vpi_func 2 105 "$random" 32 {0 0 0};
    %pad/s 3;
    %store/vec4 v0297af58_0, 0, 3;
    %vpi_func 2 106 "$random" 32 {0 0 0};
    %pad/s 3;
    %store/vec4 v0297a928_0, 0, 3;
    %vpi_func 2 107 "$random" 32 {0 0 0};
    %pad/s 1;
    %store/vec4 v0297afb0_0, 0, 1;
    %vpi_func 2 108 "$random" 32 {0 0 0};
    %pad/s 1;
    %store/vec4 v0297b060_0, 0, 1;
    %vpi_call 2 111 "$display", "Input: A = %b, B = %b, S1 = %b, S0 = %b", v0297af58_0, v0297a928_0, v0297b060_0, v0297afb0_0 {0 0 0};
    %delay 1000, 0;
    %vpi_call 2 117 "$display", "Output: G = %b, Carry = %b", v0297aa30_0, v0297aa88_0 {0 0 0};
    %vpi_call 2 118 "$display", "-------------------------" {0 0 0};
    %delay 10000, 0;
    %jmp T_2.0;
T_2.1 ;
    %pop/vec4 1;
    %vpi_call 2 124 "$finish" {0 0 0};
    %end;
    .thread T_2;
# The file index is used to find the file name in the following table.
:file_names 3;
    "N/A";
    "<interactive>";
    "program.vl";
